12:13:22.944 INFO  smokeTests.SmokeTest -~~~~~~~~~~~~~~~~~~~~~~~~~Test in Chrome Browser~~~~~~~~~~~~~~~~~~~~~~~~~
12:13:57.039 INFO  smokeTests.SmokeTest -======================Test Started======================
12:13:57.040 INFO  smokeTests.SmokeTest -Test for Log in as Contact Centre User Test
12:13:57.828 INFO  pages.LoginPage -Locating the User Name Text Box
12:13:58.734 INFO  pages.LoginPage -Type User Name as automation.operative@m3test.com
12:13:58.826 INFO  pages.LoginPage -Locating the Password text box
12:13:59.373 INFO  pages.LoginPage -Type Password as Test12345
12:17:27.394 INFO  smokeTests.SmokeTest -~~~~~~~~~~~~~~~~~~~~~~~~~Test in Chrome Browser~~~~~~~~~~~~~~~~~~~~~~~~~
12:18:03.893 INFO  smokeTests.SmokeTest -======================Test Started======================
12:18:03.894 INFO  smokeTests.SmokeTest -Test for Log in as Contact Centre User Test
12:18:05.079 INFO  pages.LoginPage -Locating the User Name Text Box
12:18:06.030 INFO  pages.LoginPage -Type User Name as automation.operative@m3test.com
12:18:06.113 INFO  pages.LoginPage -Locating the Password text box
12:18:06.483 INFO  pages.LoginPage -Type Password as Test12345
12:18:11.347 INFO  pages.LoginPage -Click on the Login Button
12:18:12.007 INFO  pages.HomePage -Logout button Element found
12:18:12.087 INFO  smokeTests.SmokeTest -Assert if Logout Button is present
12:18:12.088 INFO  smokeTests.SmokeTest -======================Test Ended======================
12:18:12.106 INFO  smokeTests.SmokeTest -======================Test Started======================
12:18:12.107 INFO  smokeTests.SmokeTest -Test to Navigate to Log on Report Page
12:18:15.659 INFO  pages.HomePage -Clicked on Log a new report button
12:18:15.939 INFO  smokeTests.SmokeTest -Assert if Title is - Log a new report - SafeTrack
12:18:15.939 INFO  smokeTests.SmokeTest -======================Test Ended======================
12:18:15.961 INFO  smokeTests.SmokeTest -======================Test Started======================
12:18:15.961 INFO  smokeTests.SmokeTest -Test to Fill Log a New Report Page
12:18:18.927 INFO  pages.LogNewReportPage -Selected on Reporting Option
12:18:27.844 INFO  pages.LogNewReportPage -Reporter First Name entered Tester F
12:18:28.446 INFO  pages.LogNewReportPage -Reporter Surname entered Tester S
12:18:30.951 INFO  pages.LogNewReportPage -Selected Reporter Type - Medical Doctor from the Dropdown
12:18:31.183 INFO  pages.LogNewReportPage -Initial Report is selected by default
12:18:34.431 INFO  pages.LogNewReportPage -Company Aware Date entered
12:18:36.674 INFO  pages.LogNewReportPage -Patient ID entered
12:18:37.379 INFO  pages.LogNewReportPage -Other Reference entered
12:18:37.832 INFO  pages.LogNewReportPage -Product complaint to report checked
12:18:40.664 INFO  pages.LogNewReportPage -Complaint description entered
12:18:54.140 INFO  pages.LogNewReportPage -Next button on the Log a New Report Page clicked
12:18:54.164 INFO  smokeTests.SmokeTest -Assert if Title is - Adverse Events - Safe Track
12:18:54.165 INFO  smokeTests.SmokeTest -======================Test Ended======================
12:18:55.751 INFO  smokeTests.SmokeTest -Assert if Title is - Adverse Events - Safe Track
12:23:56.826 INFO  smokeTests.SmokeTest -~~~~~~~~~~~~~~~~~~~~~~~~~Test in Chrome Browser~~~~~~~~~~~~~~~~~~~~~~~~~
12:24:25.932 INFO  smokeTests.SmokeTest -======================Test Started======================
12:24:25.932 INFO  smokeTests.SmokeTest -Test for Log in as Contact Centre User Test
12:24:26.401 INFO  pages.LoginPage -Locating the User Name Text Box
12:24:27.462 INFO  pages.LoginPage -Type User Name as automation.operative@m3test.com
12:24:27.574 INFO  pages.LoginPage -Locating the Password text box
12:24:28.203 INFO  pages.LoginPage -Type Password as Test12345
12:24:32.329 INFO  pages.LoginPage -Click on the Login Button
12:24:32.906 INFO  pages.HomePage -Logout button Element found
12:24:33.015 INFO  smokeTests.SmokeTest -Assert if Logout Button is present
12:24:33.015 INFO  smokeTests.SmokeTest -======================Test Ended======================
12:24:33.039 INFO  smokeTests.SmokeTest -======================Test Started======================
12:24:33.039 INFO  smokeTests.SmokeTest -Test to Navigate to Log on Report Page
12:24:37.060 INFO  pages.HomePage -Clicked on Log a new report button
12:24:37.120 INFO  smokeTests.SmokeTest -Assert if Title is - Log a new report - SafeTrack
12:24:37.121 INFO  smokeTests.SmokeTest -======================Test Ended======================
12:24:37.140 INFO  smokeTests.SmokeTest -======================Test Started======================
12:24:37.141 INFO  smokeTests.SmokeTest -Test to Fill Log a New Report Page
12:24:38.203 INFO  pages.LogNewReportPage -Selected on Reporting Option
12:24:39.396 INFO  pages.LogNewReportPage -Reporter First Name entered Tester F
12:24:40.554 INFO  pages.LogNewReportPage -Reporter Surname entered Tester S
12:24:41.349 INFO  pages.LogNewReportPage -Selected Reporter Type - Medical Doctor from the Dropdown
12:24:41.685 INFO  pages.LogNewReportPage -Initial Report is selected by default
12:24:44.115 INFO  pages.LogNewReportPage -Company Aware Date entered
12:24:45.274 INFO  pages.LogNewReportPage -Patient ID entered
12:24:46.391 INFO  pages.LogNewReportPage -Other Reference entered
12:24:47.181 INFO  pages.LogNewReportPage -Product complaint to report checked
12:24:52.794 INFO  pages.LogNewReportPage -Complaint description entered
12:24:59.266 INFO  pages.LogNewReportPage -Next button on the Log a New Report Page clicked
12:24:59.498 INFO  smokeTests.SmokeTest -Assert if Title is - Adverse Events - Safe Track
12:24:59.498 INFO  smokeTests.SmokeTest -======================Test Ended======================
12:25:01.863 INFO  smokeTests.SmokeTest -Assert if Title is - Adverse Events - Safe Track
12:26:13.374 INFO  smokeTests.SmokeTest -======================Test Ended======================
12:52:49.513 INFO  smokeTests.SmokeTest -~~~~~~~~~~~~~~~~~~~~~~~~~Test in Chrome Browser~~~~~~~~~~~~~~~~~~~~~~~~~
12:53:32.320 INFO  smokeTests.SmokeTest -======================Test Started======================
12:53:32.321 INFO  smokeTests.SmokeTest -Test for Log in as Contact Centre User Test
12:53:35.528 INFO  pages.LoginPage -Locating the User Name Text Box
12:53:36.119 INFO  pages.LoginPage -Type User Name as automation.operative@m3test.com
12:53:36.210 INFO  pages.LoginPage -Locating the Password text box
12:53:36.591 INFO  pages.LoginPage -Type Password as Test12345
12:53:42.871 INFO  pages.LoginPage -Click on the Login Button
12:53:43.169 INFO  pages.HomePage -Logout button Element found
12:53:43.329 INFO  smokeTests.SmokeTest -Assert if Logout Button is present
12:53:43.329 INFO  smokeTests.SmokeTest -======================Test Ended======================
12:53:43.351 INFO  smokeTests.SmokeTest -======================Test Started======================
12:53:43.351 INFO  smokeTests.SmokeTest -Test to Navigate to Log on Report Page
12:53:45.719 INFO  pages.HomePage -Clicked on Log a new report button
12:53:45.769 INFO  smokeTests.SmokeTest -Assert if Title is - Log a new report - SafeTrack
12:53:45.770 INFO  smokeTests.SmokeTest -======================Test Ended======================
12:53:45.786 INFO  smokeTests.SmokeTest -======================Test Started======================
12:53:45.787 INFO  smokeTests.SmokeTest -Test to Fill Log a New Report Page
12:53:46.601 INFO  pages.LogNewReportPage -Selected on Reporting Option
12:53:47.348 INFO  pages.LogNewReportPage -Reporter First Name entered Tester F
12:53:47.913 INFO  pages.LogNewReportPage -Reporter Surname entered Tester S
12:53:48.340 INFO  pages.LogNewReportPage -Selected Reporter Type - Medical Doctor from the Dropdown
12:53:48.547 INFO  pages.LogNewReportPage -Initial Report is selected by default
12:53:50.012 INFO  pages.LogNewReportPage -Company Aware Date entered
12:53:50.778 INFO  pages.LogNewReportPage -Patient ID entered
12:53:51.593 INFO  pages.LogNewReportPage -Other Reference entered
12:53:52.065 INFO  pages.LogNewReportPage -Product complaint to report checked
12:53:54.695 INFO  pages.LogNewReportPage -Complaint description entered
12:53:59.474 INFO  pages.LogNewReportPage -Next button on the Log a New Report Page clicked
12:53:59.579 INFO  smokeTests.SmokeTest -Assert if Title is - Adverse Events - Safe Track
12:53:59.580 INFO  smokeTests.SmokeTest -======================Test Ended======================
12:54:00.818 INFO  smokeTests.SmokeTest -Assert if Title is - Adverse Events - Safe Track
